0 verbose cli /opt/homebrew/Cellar/node/24.8.0/bin/node /opt/homebrew/bin/npm
1 info using npm@11.6.0
2 info using node@v24.8.0
3 silly config load:file:/opt/homebrew/lib/node_modules/npm/npmrc
4 silly config load:file:/Users/snehapatil/Desktop/claim/frontend/.npmrc
5 silly config load:file:/Users/snehapatil/.npmrc
6 silly config load:file:/opt/homebrew/etc/npmrc
7 verbose title npm install socket.io-client@^4.8.1
8 verbose argv "install" "socket.io-client@^4.8.1" "--cache" "./tmp-npm-cache" "--prefer-offline"
9 verbose logfile logs-max:10 dir:/Users/snehapatil/Desktop/claim/frontend/tmp-npm-cache/_logs/2025-11-07T10_58_24_235Z-
10 verbose logfile /Users/snehapatil/Desktop/claim/frontend/tmp-npm-cache/_logs/2025-11-07T10_58_24_235Z-debug-0.log
11 silly logfile done cleaning log files
12 silly packumentCache heap:2348810240 maxSize:587202560 maxEntrySize:293601280
13 silly idealTree buildDeps
14 silly fetch manifest socket.io-client@^4.8.1
15 silly packumentCache full:https://registry.npmjs.org/socket.io-client cache-miss
16 http fetch GET 200 https://registry.npmjs.org/npm 398ms
17 http fetch GET 200 https://registry.npmjs.org/socket.io-client 208ms (cache miss)
18 silly packumentCache full:https://registry.npmjs.org/socket.io-client set size:undefined disposed:false
19 silly placeDep ROOT socket.io-client@4.8.1 OK for: provider-app@0.1.0 want: ^4.8.1
20 silly fetch manifest @socket.io/component-emitter@~3.1.0
21 silly packumentCache full:https://registry.npmjs.org/@socket.io%2fcomponent-emitter cache-miss
22 silly fetch manifest debug@~4.3.2
23 silly packumentCache full:https://registry.npmjs.org/debug cache-miss
24 silly fetch manifest engine.io-client@~6.6.1
25 silly packumentCache full:https://registry.npmjs.org/engine.io-client cache-miss
26 silly fetch manifest socket.io-parser@~4.2.4
27 silly packumentCache full:https://registry.npmjs.org/socket.io-parser cache-miss
28 http fetch GET 200 https://registry.npmjs.org/debug 43ms (cache miss)
29 silly packumentCache full:https://registry.npmjs.org/debug set size:undefined disposed:false
30 http fetch GET 200 https://registry.npmjs.org/@socket.io%2fcomponent-emitter 57ms (cache miss)
31 silly packumentCache full:https://registry.npmjs.org/@socket.io%2fcomponent-emitter set size:undefined disposed:false
32 http fetch GET 200 https://registry.npmjs.org/engine.io-client 99ms (cache miss)
33 silly packumentCache full:https://registry.npmjs.org/engine.io-client set size:undefined disposed:false
34 http fetch GET 200 https://registry.npmjs.org/socket.io-parser 113ms (cache miss)
35 silly packumentCache full:https://registry.npmjs.org/socket.io-parser set size:undefined disposed:false
36 silly placeDep ROOT @socket.io/component-emitter@3.1.2 OK for: socket.io-client@4.8.1 want: ~3.1.0
37 silly placeDep node_modules/socket.io-client debug@4.3.7 OK for: socket.io-client@4.8.1 want: ~4.3.2
38 silly placeDep ROOT engine.io-client@6.6.3 OK for: socket.io-client@4.8.1 want: ~6.6.1
39 silly placeDep ROOT socket.io-parser@4.2.4 OK for: socket.io-client@4.8.1 want: ~4.2.4
40 silly fetch manifest debug@~4.3.1
41 silly packumentCache full:https://registry.npmjs.org/debug cache-miss
42 silly fetch manifest engine.io-parser@~5.2.1
43 silly packumentCache full:https://registry.npmjs.org/engine.io-parser cache-miss
44 silly fetch manifest ws@~8.17.1
45 silly packumentCache full:https://registry.npmjs.org/ws cache-miss
46 silly fetch manifest xmlhttprequest-ssl@~2.1.1
47 silly packumentCache full:https://registry.npmjs.org/xmlhttprequest-ssl cache-miss
48 silly fetch manifest debug@~4.3.1
49 silly packumentCache full:https://registry.npmjs.org/debug cache-miss
50 http cache https://registry.npmjs.org/debug 8ms (cache hit)
51 silly packumentCache full:https://registry.npmjs.org/debug set size:195840 disposed:false
52 http cache https://registry.npmjs.org/debug 12ms (cache hit)
53 silly packumentCache full:https://registry.npmjs.org/debug set size:195840 disposed:false
54 silly packumentCache full:https://registry.npmjs.org/debug dispose
55 http fetch GET 200 https://registry.npmjs.org/ws 43ms (cache miss)
56 silly packumentCache full:https://registry.npmjs.org/ws set size:undefined disposed:false
57 http fetch GET 200 https://registry.npmjs.org/xmlhttprequest-ssl 49ms (cache miss)
58 silly packumentCache full:https://registry.npmjs.org/xmlhttprequest-ssl set size:undefined disposed:false
59 http fetch GET 200 https://registry.npmjs.org/engine.io-parser 50ms (cache miss)
60 silly packumentCache full:https://registry.npmjs.org/engine.io-parser set size:undefined disposed:false
61 silly fetch manifest bufferutil@^4.0.1
62 silly packumentCache full:https://registry.npmjs.org/bufferutil cache-miss
63 http fetch GET 200 https://registry.npmjs.org/bufferutil 36ms (cache miss)
64 silly packumentCache full:https://registry.npmjs.org/bufferutil set size:undefined disposed:false
65 silly fetch manifest utf-8-validate@>=5.0.2
66 silly packumentCache full:https://registry.npmjs.org/utf-8-validate cache-miss
67 http fetch GET 200 https://registry.npmjs.org/utf-8-validate 39ms (cache miss)
68 silly packumentCache full:https://registry.npmjs.org/utf-8-validate set size:undefined disposed:false
69 silly placeDep node_modules/engine.io-client debug@4.3.7 OK for: engine.io-client@6.6.3 want: ~4.3.1
70 silly placeDep ROOT engine.io-parser@5.2.3 OK for: engine.io-client@6.6.3 want: ~5.2.1
71 silly placeDep ROOT ws@8.17.1 OK for: engine.io-client@6.6.3 want: ~8.17.1
72 silly placeDep ROOT xmlhttprequest-ssl@2.1.2 OK for: engine.io-client@6.6.3 want: ~2.1.1
73 silly placeDep node_modules/socket.io-parser debug@4.3.7 OK for: socket.io-parser@4.2.4 want: ~4.3.1
74 silly reify moves {}
75 silly audit bulk request {
75 silly audit   '@alloc/quick-lru': [ '5.2.0' ],
75 silly audit   '@emnapi/core': [ '1.5.0' ],
75 silly audit   '@emnapi/runtime': [ '1.5.0' ],
75 silly audit   '@emnapi/wasi-threads': [ '1.1.0' ],
75 silly audit   '@eslint-community/eslint-utils': [ '4.9.0' ],
75 silly audit   'eslint-visitor-keys': [ '3.4.3', '4.2.1' ],
75 silly audit   '@eslint-community/regexpp': [ '4.12.1' ],
75 silly audit   '@eslint/config-array': [ '0.21.0' ],
75 silly audit   '@eslint/config-helpers': [ '0.3.1' ],
75 silly audit   '@eslint/core': [ '0.15.2' ],
75 silly audit   '@eslint/eslintrc': [ '3.3.1' ],
75 silly audit   '@eslint/js': [ '9.36.0' ],
75 silly audit   '@eslint/object-schema': [ '2.1.6' ],
75 silly audit   '@eslint/plugin-kit': [ '0.3.5' ],
75 silly audit   '@firebase/analytics': [ '0.10.8' ],
75 silly audit   '@firebase/analytics-compat': [ '0.2.14' ],
75 silly audit   '@firebase/analytics-types': [ '0.8.2' ],
75 silly audit   '@firebase/app': [ '0.10.13' ],
75 silly audit   '@firebase/app-check': [ '0.8.8' ],
75 silly audit   '@firebase/app-check-compat': [ '0.3.15' ],
75 silly audit   '@firebase/app-check-interop-types': [ '0.3.2' ],
75 silly audit   '@firebase/app-check-types': [ '0.5.2' ],
75 silly audit   '@firebase/app-compat': [ '0.2.43' ],
75 silly audit   '@firebase/app-types': [ '0.9.2' ],
75 silly audit   '@firebase/auth': [ '1.7.9' ],
75 silly audit   '@firebase/auth-compat': [ '0.5.14' ],
75 silly audit   '@firebase/auth-interop-types': [ '0.2.3' ],
75 silly audit   '@firebase/auth-types': [ '0.12.2' ],
75 silly audit   '@firebase/component': [ '0.6.9' ],
75 silly audit   '@firebase/data-connect': [ '0.1.0' ],
75 silly audit   '@firebase/database': [ '1.0.8' ],
75 silly audit   '@firebase/database-compat': [ '1.0.8' ],
75 silly audit   '@firebase/database-types': [ '1.0.5' ],
75 silly audit   '@firebase/firestore': [ '4.7.3' ],
75 silly audit   '@firebase/firestore-compat': [ '0.3.38' ],
75 silly audit   '@firebase/firestore-types': [ '3.0.2' ],
75 silly audit   '@firebase/functions': [ '0.11.8' ],
75 silly audit   '@firebase/functions-compat': [ '0.3.14' ],
75 silly audit   '@firebase/functions-types': [ '0.6.2' ],
75 silly audit   '@firebase/installations': [ '0.6.9' ],
75 silly audit   '@firebase/installations-compat': [ '0.2.9' ],
75 silly audit   '@firebase/installations-types': [ '0.5.2' ],
75 silly audit   '@firebase/logger': [ '0.4.2' ],
75 silly audit   '@firebase/messaging': [ '0.12.12' ],
75 silly audit   '@firebase/messaging-compat': [ '0.2.12' ],
75 silly audit   '@firebase/messaging-interop-types': [ '0.2.2' ],
75 silly audit   '@firebase/performance': [ '0.6.9' ],
75 silly audit   '@firebase/performance-compat': [ '0.2.9' ],
75 silly audit   '@firebase/performance-types': [ '0.2.2' ],
75 silly audit   '@firebase/remote-config': [ '0.4.9' ],
75 silly audit   '@firebase/remote-config-compat': [ '0.2.9' ],
75 silly audit   '@firebase/remote-config-types': [ '0.3.2' ],
75 silly audit   '@firebase/storage': [ '0.13.2' ],
75 silly audit   '@firebase/storage-compat': [ '0.3.12' ],
75 silly audit   '@firebase/storage-types': [ '0.8.2' ],
75 silly audit   '@firebase/util': [ '1.10.0' ],
75 silly audit   '@firebase/vertexai-preview': [ '0.0.4' ],
75 silly audit   '@firebase/webchannel-wrapper': [ '1.0.1' ],
75 silly audit   '@floating-ui/core': [ '1.7.3' ],
75 silly audit   '@floating-ui/dom': [ '1.7.4' ],
75 silly audit   '@floating-ui/react-dom': [ '2.1.6' ],
75 silly audit   '@floating-ui/utils': [ '0.2.10' ],
75 silly audit   '@grpc/grpc-js': [ '1.9.15' ],
75 silly audit   '@grpc/proto-loader': [ '0.7.15' ],
75 silly audit   '@hookform/resolvers': [ '5.2.2' ],
75 silly audit   '@humanfs/core': [ '0.19.1' ],
75 silly audit   '@humanfs/node': [ '0.16.7' ],
75 silly audit   '@humanwhocodes/module-importer': [ '1.0.1' ],
75 silly audit   '@humanwhocodes/retry': [ '0.4.3' ],
75 silly audit   '@img/colour': [ '1.0.0' ],
75 silly audit   '@img/sharp-darwin-arm64': [ '0.34.4' ],
75 silly audit   '@img/sharp-darwin-x64': [ '0.34.4' ],
75 silly audit   '@img/sharp-libvips-darwin-arm64': [ '1.2.3' ],
75 silly audit   '@img/sharp-libvips-darwin-x64': [ '1.2.3' ],
75 silly audit   '@img/sharp-libvips-linux-arm': [ '1.2.3' ],
75 silly audit   '@img/sharp-libvips-linux-arm64': [ '1.2.3' ],
75 silly audit   '@img/sharp-libvips-linux-ppc64': [ '1.2.3' ],
75 silly audit   '@img/sharp-libvips-linux-s390x': [ '1.2.3' ],
75 silly audit   '@img/sharp-libvips-linux-x64': [ '1.2.3' ],
75 silly audit   '@img/sharp-libvips-linuxmusl-arm64': [ '1.2.3' ],
75 silly audit   '@img/sharp-libvips-linuxmusl-x64': [ '1.2.3' ],
75 silly audit   '@img/sharp-linux-arm': [ '0.34.4' ],
75 silly audit   '@img/sharp-linux-arm64': [ '0.34.4' ],
75 silly audit   '@img/sharp-linux-ppc64': [ '0.34.4' ],
75 silly audit   '@img/sharp-linux-s390x': [ '0.34.4' ],
75 silly audit   '@img/sharp-linux-x64': [ '0.34.4' ],
75 silly audit   '@img/sharp-linuxmusl-arm64': [ '0.34.4' ],
75 silly audit   '@img/sharp-linuxmusl-x64': [ '0.34.4' ],
75 silly audit   '@img/sharp-wasm32': [ '0.34.4' ],
75 silly audit   '@img/sharp-win32-arm64': [ '0.34.4' ],
75 silly audit   '@img/sharp-win32-ia32': [ '0.34.4' ],
75 silly audit   '@img/sharp-win32-x64': [ '0.34.4' ],
75 silly audit   '@isaacs/cliui': [ '8.0.2' ],
75 silly audit   '@jridgewell/gen-mapping': [ '0.3.13' ],
75 silly audit   '@jridgewell/resolve-uri': [ '3.1.2' ],
75 silly audit   '@jridgewell/sourcemap-codec': [ '1.5.5' ],
75 silly audit   '@jridgewell/trace-mapping': [ '0.3.31' ],
75 silly audit   '@napi-rs/wasm-runtime': [ '0.2.12' ],
75 silly audit   '@next/env': [ '15.5.4' ],
75 silly audit   '@next/eslint-plugin-next': [ '15.5.4' ],
75 silly audit   '@next/swc-darwin-arm64': [ '15.5.4' ],
75 silly audit   '@next/swc-darwin-x64': [ '15.5.4' ],
75 silly audit   '@next/swc-linux-arm64-gnu': [ '15.5.4' ],
75 silly audit   '@next/swc-linux-arm64-musl': [ '15.5.4' ],
75 silly audit   '@next/swc-linux-x64-gnu': [ '15.5.4' ],
75 silly audit   '@next/swc-linux-x64-musl': [ '15.5.4' ],
75 silly audit   '@next/swc-win32-arm64-msvc': [ '15.5.4' ],
75 silly audit   '@next/swc-win32-x64-msvc': [ '15.5.4' ],
75 silly audit   '@nodelib/fs.scandir': [ '2.1.5' ],
75 silly audit   '@nodelib/fs.stat': [ '2.0.5' ],
75 silly audit   '@nodelib/fs.walk': [ '1.2.8' ],
75 silly audit   '@nolyfill/is-core-module': [ '1.0.39' ],
75 silly audit   '@pkgjs/parseargs': [ '0.11.0' ],
75 silly audit   '@protobufjs/aspromise': [ '1.1.2' ],
75 silly audit   '@protobufjs/base64': [ '1.1.2' ],
75 silly audit   '@protobufjs/codegen': [ '2.0.4' ],
75 silly audit   '@protobufjs/eventemitter': [ '1.1.0' ],
75 silly audit   '@protobufjs/fetch': [ '1.1.0' ],
75 silly audit   '@protobufjs/float': [ '1.0.2' ],
75 silly audit   '@protobufjs/inquire': [ '1.1.0' ],
75 silly audit   '@protobufjs/path': [ '1.1.2' ],
75 silly audit   '@protobufjs/pool': [ '1.1.0' ],
75 silly audit   '@protobufjs/utf8': [ '1.1.0' ],
75 silly audit   '@radix-ui/number': [ '1.1.1' ],
75 silly audit   '@radix-ui/primitive': [ '1.1.3' ],
75 silly audit   '@radix-ui/react-accordion': [ '1.2.12' ],
75 silly audit   '@radix-ui/react-alert-dialog': [ '1.1.15' ],
75 silly audit   '@radix-ui/react-arrow': [ '1.1.7' ],
75 silly audit   '@radix-ui/react-avatar': [ '1.1.10' ],
75 silly audit   '@radix-ui/react-checkbox': [ '1.3.3' ],
75 silly audit   '@radix-ui/react-collapsible': [ '1.1.12' ],
75 silly audit   '@radix-ui/react-collection': [ '1.1.7' ],
75 silly audit   '@radix-ui/react-compose-refs': [ '1.1.2' ],
75 silly audit   '@radix-ui/react-context': [ '1.1.2' ],
75 silly audit   '@radix-ui/react-dialog': [ '1.1.15' ],
75 silly audit   '@radix-ui/react-direction': [ '1.1.1' ],
75 silly audit   '@radix-ui/react-dismissable-layer': [ '1.1.11' ],
75 silly audit   '@radix-ui/react-dropdown-menu': [ '2.1.16' ],
75 silly audit   '@radix-ui/react-focus-guards': [ '1.1.3' ],
75 silly audit   '@radix-ui/react-focus-scope': [ '1.1.7' ],
75 silly audit   '@radix-ui/react-id': [ '1.1.1' ],
75 silly audit   '@radix-ui/react-label': [ '2.1.7' ],
75 silly audit   '@radix-ui/react-menu': [ '2.1.16' ],
75 silly audit   '@radix-ui/react-popover': [ '1.1.15' ],
75 silly audit   '@radix-ui/react-popper': [ '1.2.8' ],
75 silly audit   '@radix-ui/react-portal': [ '1.1.9' ],
75 silly audit   '@radix-ui/react-presence': [ '1.1.5' ],
75 silly audit   '@radix-ui/react-primitive': [ '2.1.3' ],
75 silly audit   '@radix-ui/react-progress': [ '1.1.7' ],
75 silly audit   '@radix-ui/react-roving-focus': [ '1.1.11' ],
75 silly audit   '@radix-ui/react-select': [ '2.2.6' ],
75 silly audit   '@radix-ui/react-separator': [ '1.1.7' ],
75 silly audit   '@radix-ui/react-slot': [ '1.2.3' ],
75 silly audit   '@radix-ui/react-tabs': [ '1.1.13' ],
75 silly audit   '@radix-ui/react-toast': [ '1.2.15' ],
75 silly audit   '@radix-ui/react-use-callback-ref': [ '1.1.1' ],
75 silly audit   '@radix-ui/react-use-controllable-state': [ '1.2.2' ],
75 silly audit   '@radix-ui/react-use-effect-event': [ '0.0.2' ],
75 silly audit   '@radix-ui/react-use-escape-keydown': [ '1.1.1' ],
75 silly audit   '@radix-ui/react-use-is-hydrated': [ '0.1.0' ],
75 silly audit   '@radix-ui/react-use-layout-effect': [ '1.1.1' ],
75 silly audit   '@radix-ui/react-use-previous': [ '1.1.1' ],
75 silly audit   '@radix-ui/react-use-rect': [ '1.1.1' ],
75 silly audit   '@radix-ui/react-use-size': [ '1.1.1' ],
75 silly audit   '@radix-ui/react-visually-hidden': [ '1.2.3' ],
75 silly audit   '@radix-ui/rect': [ '1.1.1' ],
75 silly audit   '@reduxjs/toolkit': [ '2.9.0' ],
75 silly audit   '@rtsao/scc': [ '1.1.0' ],
75 silly audit   '@rushstack/eslint-patch': [ '1.12.0' ],
75 silly audit   '@standard-schema/spec': [ '1.0.0' ],
75 silly audit   '@standard-schema/utils': [ '0.3.0' ],
75 silly audit   '@swc/helpers': [ '0.5.15' ],
75 silly audit   '@tabler/icons': [ '3.35.0' ],
75 silly audit   '@tabler/icons-react': [ '3.35.0' ],
75 silly audit   '@tanstack/react-table': [ '8.21.3' ],
75 silly audit   '@tanstack/table-core': [ '8.21.3' ],
75 silly audit   '@tybys/wasm-util': [ '0.10.1' ],
75 silly audit   '@types/d3-array': [ '3.2.2' ],
75 silly audit   '@types/d3-color': [ '3.1.3' ],
75 silly audit   '@types/d3-ease': [ '3.0.2' ],
75 silly audit   '@types/d3-interpolate': [ '3.0.4' ],
75 silly audit   '@types/d3-path': [ '3.1.1' ],
75 silly audit   '@types/d3-scale': [ '4.0.9' ],
75 silly audit   '@types/d3-shape': [ '3.1.7' ],
75 silly audit   '@types/d3-time': [ '3.0.4' ],
75 silly audit   '@types/d3-timer': [ '3.0.2' ],
75 silly audit   '@types/estree': [ '1.0.8' ],
75 silly audit   '@types/json-schema': [ '7.0.15' ],
75 silly audit   '@types/json5': [ '0.0.29' ],
75 silly audit   '@types/node': [ '20.19.17' ],
75 silly audit   '@types/react': [ '19.1.13' ],
75 silly audit   '@types/react-dom': [ '19.1.9' ],
75 silly audit   '@types/use-sync-external-store': [ '0.0.6' ],
75 silly audit   '@typescript-eslint/eslint-plugin': [ '8.44.1' ],
75 silly audit   ignore: [ '7.0.5', '5.3.2' ],
75 silly audit   '@typescript-eslint/parser': [ '8.44.1' ],
75 silly audit   '@typescript-eslint/project-service': [ '8.44.1' ],
75 silly audit   '@typescript-eslint/scope-manager': [ '8.44.1' ],
75 silly audit   '@typescript-eslint/tsconfig-utils': [ '8.44.1' ],
75 silly audit   '@typescript-eslint/type-utils': [ '8.44.1' ],
75 silly audit   '@typescript-eslint/types': [ '8.44.1' ],
75 silly audit   '@typescript-eslint/typescript-estree': [ '8.44.1' ],
75 silly audit   'brace-expansion': [ '2.0.2', '1.1.12' ],
75 silly audit   'fast-glob': [ '3.3.3', '3.3.1' ],
75 silly audit   'glob-parent': [ '5.1.2', '6.0.2' ],
75 silly audit   minimatch: [ '9.0.5', '3.1.2' ],
75 silly audit   '@typescript-eslint/utils': [ '8.44.1' ],
75 silly audit   '@typescript-eslint/visitor-keys': [ '8.44.1' ],
75 silly audit   '@unrs/resolver-binding-android-arm-eabi': [ '1.11.1' ],
75 silly audit   '@unrs/resolver-binding-android-arm64': [ '1.11.1' ],
75 silly audit   '@unrs/resolver-binding-darwin-arm64': [ '1.11.1' ],
75 silly audit   '@unrs/resolver-binding-darwin-x64': [ '1.11.1' ],
75 silly audit   '@unrs/resolver-binding-freebsd-x64': [ '1.11.1' ],
75 silly audit   '@unrs/resolver-binding-linux-arm-gnueabihf': [ '1.11.1' ],
75 silly audit   '@unrs/resolver-binding-linux-arm-musleabihf': [ '1.11.1' ],
75 silly audit   '@unrs/resolver-binding-linux-arm64-gnu': [ '1.11.1' ],
75 silly audit   '@unrs/resolver-binding-linux-arm64-musl': [ '1.11.1' ],
75 silly audit   '@unrs/resolver-binding-linux-ppc64-gnu': [ '1.11.1' ],
75 silly audit   '@unrs/resolver-binding-linux-riscv64-gnu': [ '1.11.1' ],
75 silly audit   '@unrs/resolver-binding-linux-riscv64-musl': [ '1.11.1' ],
75 silly audit   '@unrs/resolver-binding-linux-s390x-gnu': [ '1.11.1' ],
75 silly audit   '@unrs/resolver-binding-linux-x64-gnu': [ '1.11.1' ],
75 silly audit   '@unrs/resolver-binding-linux-x64-musl': [ '1.11.1' ],
75 silly audit   '@unrs/resolver-binding-wasm32-wasi': [ '1.11.1' ],
75 silly audit   '@unrs/resolver-binding-win32-arm64-msvc': [ '1.11.1' ],
75 silly audit   '@unrs/resolver-binding-win32-ia32-msvc': [ '1.11.1' ],
75 silly audit   '@unrs/resolver-binding-win32-x64-msvc': [ '1.11.1' ],
75 silly audit   acorn: [ '8.15.0' ],
75 silly audit   'acorn-jsx': [ '5.3.2' ],
75 silly audit   ajv: [ '6.12.6' ],
75 silly audit   'ansi-regex': [ '6.2.2', '5.0.1' ],
75 silly audit   'ansi-styles': [ '4.3.0', '6.2.3' ],
75 silly audit   'any-promise': [ '1.3.0' ],
75 silly audit   anymatch: [ '3.1.3' ],
75 silly audit   arg: [ '5.0.2' ],
75 silly audit   argparse: [ '2.0.1' ],
75 silly audit   'aria-hidden': [ '1.2.6' ],
75 silly audit   'aria-query': [ '5.3.2' ],
75 silly audit   'array-buffer-byte-length': [ '1.0.2' ],
75 silly audit   'array-includes': [ '3.1.9' ],
75 silly audit   'array.prototype.findlast': [ '1.2.5' ],
75 silly audit   'array.prototype.findlastindex': [ '1.2.6' ],
75 silly audit   'array.prototype.flat': [ '1.3.3' ],
75 silly audit   'array.prototype.flatmap': [ '1.3.3' ],
75 silly audit   'array.prototype.tosorted': [ '1.1.4' ],
75 silly audit   'arraybuffer.prototype.slice': [ '1.0.4' ],
75 silly audit   'ast-types-flow': [ '0.0.8' ],
75 silly audit   'async-function': [ '1.0.0' ],
75 silly audit   asynckit: [ '0.4.0' ],
75 silly audit   autoprefixer: [ '10.4.21' ],
75 silly audit   'available-typed-arrays': [ '1.0.7' ],
75 silly audit   'axe-core': [ '4.10.3' ],
75 silly audit   axios: [ '1.12.2' ],
75 silly audit   'axobject-query': [ '4.1.0' ],
75 silly audit   'balanced-match': [ '1.0.2' ],
75 silly audit   'baseline-browser-mapping': [ '2.8.6' ],
75 silly audit   'binary-extensions': [ '2.3.0' ],
75 silly audit   braces: [ '3.0.3' ],
75 silly audit   browserslist: [ '4.26.2' ],
75 silly audit   'call-bind': [ '1.0.8' ],
75 silly audit   'call-bind-apply-helpers': [ '1.0.2' ],
75 silly audit   'call-bound': [ '1.0.4' ],
75 silly audit   callsites: [ '3.1.0' ],
75 silly audit   'camelcase-css': [ '2.0.1' ],
75 silly audit   'caniuse-lite': [ '1.0.30001743' ],
75 silly audit   chalk: [ '4.1.2' ],
75 silly audit   chokidar: [ '3.6.0' ],
75 silly audit   'class-variance-authority': [ '0.7.1' ],
75 silly audit   'client-only': [ '0.0.1' ],
75 silly audit   cliui: [ '8.0.1' ],
75 silly audit   'emoji-regex': [ '8.0.0', '9.2.2' ],
75 silly audit   'string-width': [ '4.2.3', '5.1.2' ],
75 silly audit   'strip-ansi': [ '6.0.1', '7.1.2' ],
75 silly audit   'wrap-ansi': [ '7.0.0', '8.1.0' ],
75 silly audit   clsx: [ '2.1.1' ],
75 silly audit   cmdk: [ '1.1.1' ],
75 silly audit   'color-convert': [ '2.0.1' ],
75 silly audit   'color-name': [ '1.1.4' ],
75 silly audit   'combined-stream': [ '1.0.8' ],
75 silly audit   commander: [ '4.1.1' ],
75 silly audit   'concat-map': [ '0.0.1' ],
75 silly audit   'cross-spawn': [ '7.0.6' ],
75 silly audit   cssesc: [ '3.0.0' ],
75 silly audit   csstype: [ '3.1.3' ],
75 silly audit   'd3-array': [ '3.2.4' ],
75 silly audit   'd3-color': [ '3.1.0' ],
75 silly audit   'd3-ease': [ '3.0.1' ],
75 silly audit   'd3-format': [ '3.1.0' ],
75 silly audit   'd3-interpolate': [ '3.0.1' ],
75 silly audit   'd3-path': [ '3.1.0' ],
75 silly audit   'd3-scale': [ '4.0.2' ],
75 silly audit   'd3-shape': [ '3.2.0' ],
75 silly audit   'd3-time': [ '3.1.0' ],
75 silly audit   'd3-time-format': [ '4.1.0' ],
75 silly audit   'd3-timer': [ '3.0.1' ],
75 silly audit   'damerau-levenshtein': [ '1.0.8' ],
75 silly audit   'data-view-buffer': [ '1.0.2' ],
75 silly audit   'data-view-byte-length': [ '1.0.2' ],
75 silly audit   'data-view-byte-offset': [ '1.0.1' ],
75 silly audit   'date-fns': [ '4.1.0' ],
75 silly audit   debug: [ '4.4.3', '3.2.7', '4.3.7' ],
75 silly audit   'decimal.js-light': [ '2.5.1' ],
75 silly audit   'deep-is': [ '0.1.4' ],
75 silly audit   'define-data-property': [ '1.1.4' ],
75 silly audit   'define-properties': [ '1.2.1' ],
75 silly audit   'delayed-stream': [ '1.0.0' ],
75 silly audit   'detect-libc': [ '2.1.1' ],
75 silly audit   'detect-node-es': [ '1.1.0' ],
75 silly audit   didyoumean: [ '1.2.2' ],
75 silly audit   dlv: [ '1.1.3' ],
75 silly audit   doctrine: [ '2.1.0' ],
75 silly audit   'dunder-proto': [ '1.0.1' ],
75 silly audit   eastasianwidth: [ '0.2.0' ],
75 silly audit   'electron-to-chromium': [ '1.5.223' ],
75 silly audit   'es-abstract': [ '1.24.0' ],
75 silly audit   'es-define-property': [ '1.0.1' ],
75 silly audit   'es-errors': [ '1.3.0' ],
75 silly audit   'es-iterator-helpers': [ '1.2.1' ],
75 silly audit   'es-object-atoms': [ '1.1.1' ],
75 silly audit   'es-set-tostringtag': [ '2.1.0' ],
75 silly audit   'es-shim-unscopables': [ '1.1.0' ],
75 silly audit   'es-to-primitive': [ '1.3.0' ],
75 silly audit   'es-toolkit': [ '1.39.10' ],
75 silly audit   escalade: [ '3.2.0' ],
75 silly audit   'escape-string-regexp': [ '4.0.0' ],
75 silly audit   eslint: [ '9.36.0' ],
75 silly audit   'eslint-config-next': [ '15.5.4' ],
75 silly audit   'eslint-import-resolver-node': [ '0.3.9' ],
75 silly audit   'eslint-import-resolver-typescript': [ '3.10.1' ],
75 silly audit   'eslint-module-utils': [ '2.12.1' ],
75 silly audit   'eslint-plugin-import': [ '2.32.0' ],
75 silly audit   semver: [ '6.3.1', '7.7.2' ],
75 silly audit   'eslint-plugin-jsx-a11y': [ '6.10.2' ],
75 silly audit   'eslint-plugin-react': [ '7.37.5' ],
75 silly audit   'eslint-plugin-react-hooks': [ '5.2.0' ],
75 silly audit   resolve: [ '2.0.0-next.5', '1.22.10' ],
75 silly audit   'eslint-scope': [ '8.4.0' ],
75 silly audit   espree: [ '10.4.0' ],
75 silly audit   esquery: [ '1.6.0' ],
75 silly audit   esrecurse: [ '4.3.0' ],
75 silly audit   estraverse: [ '5.3.0' ],
75 silly audit   esutils: [ '2.0.3' ],
75 silly audit   eventemitter3: [ '5.0.1' ],
75 silly audit   'fast-deep-equal': [ '3.1.3' ],
75 silly audit   'fast-json-stable-stringify': [ '2.1.0' ],
75 silly audit   'fast-levenshtein': [ '2.0.6' ],
75 silly audit   fastq: [ '1.19.1' ],
75 silly audit   'faye-websocket': [ '0.11.4' ],
75 silly audit   'file-entry-cache': [ '8.0.0' ],
75 silly audit   'fill-range': [ '7.1.1' ],
75 silly audit   'find-up': [ '5.0.0' ],
75 silly audit   firebase: [ '10.14.1' ],
75 silly audit   'flat-cache': [ '4.0.1' ],
75 silly audit   flatted: [ '3.3.3' ],
75 silly audit   'follow-redirects': [ '1.15.11' ],
75 silly audit   'for-each': [ '0.3.5' ],
75 silly audit   'foreground-child': [ '3.3.1' ],
75 silly audit   'form-data': [ '4.0.4' ],
75 silly audit   'fraction.js': [ '4.3.7' ],
75 silly audit   fsevents: [ '2.3.3' ],
75 silly audit   'function-bind': [ '1.1.2' ],
75 silly audit   'function.prototype.name': [ '1.1.8' ],
75 silly audit   'functions-have-names': [ '1.2.3' ],
75 silly audit   'get-caller-file': [ '2.0.5' ],
75 silly audit   'get-intrinsic': [ '1.3.0' ],
75 silly audit   'get-nonce': [ '1.0.1' ],
75 silly audit   'get-proto': [ '1.0.1' ],
75 silly audit   'get-symbol-description': [ '1.1.0' ],
75 silly audit   'get-tsconfig': [ '4.10.1' ],
75 silly audit   glob: [ '10.4.5' ],
75 silly audit   globals: [ '14.0.0' ],
75 silly audit   globalthis: [ '1.0.4' ],
75 silly audit   gopd: [ '1.2.0' ],
75 silly audit   graphemer: [ '1.4.0' ],
75 silly audit   'has-bigints': [ '1.1.0' ],
75 silly audit   'has-flag': [ '4.0.0' ],
75 silly audit   'has-property-descriptors': [ '1.0.2' ],
75 silly audit   'has-proto': [ '1.2.0' ],
75 silly audit   'has-symbols': [ '1.1.0' ],
75 silly audit   'has-tostringtag': [ '1.0.2' ],
75 silly audit   hasown: [ '2.0.2' ],
75 silly audit   'http-parser-js': [ '0.5.10' ],
75 silly audit   idb: [ '7.1.1' ],
75 silly audit   immer: [ '10.1.3' ],
75 silly audit   'import-fresh': [ '3.3.1' ],
75 silly audit   imurmurhash: [ '0.1.4' ],
75 silly audit   'internal-slot': [ '1.1.0' ],
75 silly audit   internmap: [ '2.0.3' ],
75 silly audit   'is-array-buffer': [ '3.0.5' ],
75 silly audit   'is-async-function': [ '2.1.1' ],
75 silly audit   'is-bigint': [ '1.1.0' ],
75 silly audit   'is-binary-path': [ '2.1.0' ],
75 silly audit   'is-boolean-object': [ '1.2.2' ],
75 silly audit   'is-bun-module': [ '2.0.0' ],
75 silly audit   'is-callable': [ '1.2.7' ],
75 silly audit   'is-core-module': [ '2.16.1' ],
75 silly audit   'is-data-view': [ '1.0.2' ],
75 silly audit   'is-date-object': [ '1.1.0' ],
75 silly audit   'is-extglob': [ '2.1.1' ],
75 silly audit   'is-finalizationregistry': [ '1.1.1' ],
75 silly audit   'is-fullwidth-code-point': [ '3.0.0' ],
75 silly audit   'is-generator-function': [ '1.1.0' ],
75 silly audit   'is-glob': [ '4.0.3' ],
75 silly audit   'is-map': [ '2.0.3' ],
75 silly audit   'is-negative-zero': [ '2.0.3' ],
75 silly audit   'is-number': [ '7.0.0' ],
75 silly audit   'is-number-object': [ '1.1.1' ],
75 silly audit   'is-regex': [ '1.2.1' ],
75 silly audit   'is-set': [ '2.0.3' ],
75 silly audit   'is-shared-array-buffer': [ '1.0.4' ],
75 silly audit   'is-string': [ '1.1.1' ],
75 silly audit   'is-symbol': [ '1.1.1' ],
75 silly audit   'is-typed-array': [ '1.1.15' ],
75 silly audit   'is-weakmap': [ '2.0.2' ],
75 silly audit   'is-weakref': [ '1.1.1' ],
75 silly audit   'is-weakset': [ '2.0.4' ],
75 silly audit   isarray: [ '2.0.5' ],
75 silly audit   isexe: [ '2.0.0' ],
75 silly audit   'iterator.prototype': [ '1.1.5' ],
75 silly audit   jackspeak: [ '3.4.3' ],
75 silly audit   jiti: [ '1.21.7' ],
75 silly audit   'js-tokens': [ '4.0.0' ],
75 silly audit   'js-yaml': [ '4.1.0' ],
75 silly audit   'json-buffer': [ '3.0.1' ],
75 silly audit   'json-schema-traverse': [ '0.4.1' ],
75 silly audit   'json-stable-stringify-without-jsonify': [ '1.0.1' ],
75 silly audit   json5: [ '1.0.2' ],
75 silly audit   'jsx-ast-utils': [ '3.3.5' ],
75 silly audit   keyv: [ '4.5.4' ],
75 silly audit   'language-subtag-registry': [ '0.3.23' ],
75 silly audit   'language-tags': [ '1.0.9' ],
75 silly audit   levn: [ '0.4.1' ],
75 silly audit   lilconfig: [ '3.1.3' ],
75 silly audit   'lines-and-columns': [ '1.2.4' ],
75 silly audit   'locate-path': [ '6.0.0' ],
75 silly audit   'lodash.camelcase': [ '4.3.0' ],
75 silly audit   'lodash.merge': [ '4.6.2' ],
75 silly audit   long: [ '5.3.2' ],
75 silly audit   'loose-envify': [ '1.4.0' ],
75 silly audit   'lru-cache': [ '10.4.3' ],
75 silly audit   'lucide-react': [ '0.544.0' ],
75 silly audit   'math-intrinsics': [ '1.1.0' ],
75 silly audit   merge2: [ '1.4.1' ],
75 silly audit   micromatch: [ '4.0.8' ],
75 silly audit   'mime-db': [ '1.52.0' ],
75 silly audit   'mime-types': [ '2.1.35' ],
75 silly audit   minimist: [ '1.2.8' ],
75 silly audit   minipass: [ '7.1.2' ],
75 silly audit   ms: [ '2.1.3' ],
75 silly audit   mz: [ '2.7.0' ],
75 silly audit   nanoid: [ '3.3.11' ],
75 silly audit   'napi-postinstall': [ '0.3.3' ],
75 silly audit   'natural-compare': [ '1.4.0' ],
75 silly audit   next: [ '15.5.4' ],
75 silly audit   postcss: [ '8.4.31', '8.5.6' ],
75 silly audit   'node-releases': [ '2.0.21' ],
75 silly audit   'normalize-path': [ '3.0.0' ],
75 silly audit   'normalize-range': [ '0.1.2' ],
75 silly audit   'object-assign': [ '4.1.1' ],
75 silly audit   'object-hash': [ '3.0.0' ],
75 silly audit   'object-inspect': [ '1.13.4' ],
75 silly audit   'object-keys': [ '1.1.1' ],
75 silly audit   'object.assign': [ '4.1.7' ],
75 silly audit   'object.entries': [ '1.1.9' ],
75 silly audit   'object.fromentries': [ '2.0.8' ],
75 silly audit   'object.groupby': [ '1.0.3' ],
75 silly audit   'object.values': [ '1.2.1' ],
75 silly audit   optionator: [ '0.9.4' ],
75 silly audit   'own-keys': [ '1.0.1' ],
75 silly audit   'p-limit': [ '3.1.0' ],
75 silly audit   'p-locate': [ '5.0.0' ],
75 silly audit   'package-json-from-dist': [ '1.0.1' ],
75 silly audit   'parent-module': [ '1.0.1' ],
75 silly audit   'path-exists': [ '4.0.0' ],
75 silly audit   'path-key': [ '3.1.1' ],
75 silly audit   'path-parse': [ '1.0.7' ],
75 silly audit   'path-scurry': [ '1.11.1' ],
75 silly audit   picocolors: [ '1.1.1' ],
75 silly audit   picomatch: [ '2.3.1', '4.0.3' ],
75 silly audit   pify: [ '2.3.0' ],
75 silly audit   pirates: [ '4.0.7' ],
75 silly audit   'possible-typed-array-names': [ '1.1.0' ],
75 silly audit   'postcss-import': [ '15.1.0' ],
75 silly audit   'postcss-js': [ '4.1.0' ],
75 silly audit   'postcss-nested': [ '6.2.0' ],
75 silly audit   'postcss-selector-parser': [ '6.1.2' ],
75 silly audit   'postcss-value-parser': [ '4.2.0' ],
75 silly audit   'prelude-ls': [ '1.2.1' ],
75 silly audit   'prop-types': [ '15.8.1' ],
75 silly audit   protobufjs: [ '7.5.4' ],
75 silly audit   'proxy-from-env': [ '1.1.0' ],
75 silly audit   punycode: [ '2.3.1' ],
75 silly audit   'queue-microtask': [ '1.2.3' ],
75 silly audit   react: [ '19.1.0' ],
75 silly audit   'react-dom': [ '19.1.0' ],
75 silly audit   'react-hook-form': [ '7.63.0' ],
75 silly audit   'react-is': [ '16.13.1' ],
75 silly audit   'react-redux': [ '9.2.0' ],
75 silly audit   'react-remove-scroll': [ '2.7.1' ],
75 silly audit   'react-remove-scroll-bar': [ '2.3.8' ],
75 silly audit   'react-style-singleton': [ '2.2.3' ],
75 silly audit   'react-window': [ '2.2.0' ],
75 silly audit   'read-cache': [ '1.0.0' ],
75 silly audit   readdirp: [ '3.6.0' ],
75 silly audit   recharts: [ '3.2.1' ],
75 silly audit   redux: [ '5.0.1' ],
75 silly audit   'redux-thunk': [ '3.1.0' ],
75 silly audit   'reflect.getprototypeof': [ '1.0.10' ],
75 silly audit   'regexp.prototype.flags': [ '1.5.4' ],
75 silly audit   'require-directory': [ '2.1.1' ],
75 silly audit   reselect: [ '5.1.1' ],
75 silly audit   'resolve-from': [ '4.0.0' ],
75 silly audit   'resolve-pkg-maps': [ '1.0.0' ],
75 silly audit   reusify: [ '1.1.0' ],
75 silly audit   'run-parallel': [ '1.2.0' ],
75 silly audit   'safe-array-concat': [ '1.1.3' ],
75 silly audit   'safe-buffer': [ '5.2.1' ],
75 silly audit   'safe-push-apply': [ '1.0.0' ],
75 silly audit   'safe-regex-test': [ '1.1.0' ],
75 silly audit   scheduler: [ '0.26.0' ],
75 silly audit   'set-function-length': [ '1.2.2' ],
75 silly audit   'set-function-name': [ '2.0.2' ],
75 silly audit   'set-proto': [ '1.0.0' ],
75 silly audit   sharp: [ '0.34.4' ],
75 silly audit   'shebang-command': [ '2.0.0' ],
75 silly audit   'shebang-regex': [ '3.0.0' ],
75 silly audit   'side-channel': [ '1.1.0' ],
75 silly audit   'side-channel-list': [ '1.0.0' ],
75 silly audit   'side-channel-map': [ '1.0.1' ],
75 silly audit   'side-channel-weakmap': [ '1.0.2' ],
75 silly audit   'signal-exit': [ '4.1.0' ],
75 silly audit   sonner: [ '2.0.7' ],
75 silly audit   'source-map-js': [ '1.2.1' ],
75 silly audit   'stable-hash': [ '0.0.5' ],
75 silly audit   'stop-iteration-iterator': [ '1.1.0' ],
75 silly audit   'string.prototype.includes': [ '2.0.1' ],
75 silly audit   'string.prototype.matchall': [ '4.0.12' ],
75 silly audit   'string.prototype.repeat': [ '1.0.0' ],
75 silly audit   'string.prototype.trim': [ '1.2.10' ],
75 silly audit   'string.prototype.trimend': [ '1.0.9' ],
75 silly audit   'string.prototype.trimstart': [ '1.0.8' ],
75 silly audit   'strip-bom': [ '3.0.0' ],
75 silly audit   'strip-json-comments': [ '3.1.1' ],
75 silly audit   'styled-jsx': [ '5.1.6' ],
75 silly audit   sucrase: [ '3.35.0' ],
75 silly audit   'supports-color': [ '7.2.0' ],
75 silly audit   'supports-preserve-symlinks-flag': [ '1.0.0' ],
75 silly audit   'tailwind-merge': [ '3.3.1' ],
75 silly audit   tailwindcss: [ '3.4.17' ],
75 silly audit   'tailwindcss-animate': [ '1.0.7' ],
75 silly audit   'postcss-load-config': [ '4.0.2' ],
75 silly audit   thenify: [ '3.3.1' ],
75 silly audit   'thenify-all': [ '1.6.0' ],
75 silly audit   'tiny-invariant': [ '1.3.3' ],
75 silly audit   tinyglobby: [ '0.2.15' ],
75 silly audit   fdir: [ '6.5.0' ],
75 silly audit   'to-regex-range': [ '5.0.1' ],
75 silly audit   'ts-api-utils': [ '2.1.0' ],
75 silly audit   'ts-interface-checker': [ '0.1.13' ],
75 silly audit   'tsconfig-paths': [ '3.15.0' ],
75 silly audit   tslib: [ '2.8.1' ],
75 silly audit   'type-check': [ '0.4.0' ],
75 silly audit   'typed-array-buffer': [ '1.0.3' ],
75 silly audit   'typed-array-byte-length': [ '1.0.3' ],
75 silly audit   'typed-array-byte-offset': [ '1.0.4' ],
75 silly audit   'typed-array-length': [ '1.0.7' ],
75 silly audit   typescript: [ '5.9.2' ],
75 silly audit   'unbox-primitive': [ '1.1.0' ],
75 silly audit   undici: [ '6.19.7' ],
75 silly audit   'undici-types': [ '6.21.0' ],
75 silly audit   'unrs-resolver': [ '1.11.1' ],
75 silly audit   'update-browserslist-db': [ '1.1.3' ],
75 silly audit   'uri-js': [ '4.4.1' ],
75 silly audit   'use-callback-ref': [ '1.3.3' ],
75 silly audit   'use-sidecar': [ '1.1.3' ],
75 silly audit   'use-sync-external-store': [ '1.5.0' ],
75 silly audit   'util-deprecate': [ '1.0.2' ],
75 silly audit   'victory-vendor': [ '37.3.6' ],
75 silly audit   'websocket-driver': [ '0.7.4' ],
75 silly audit   'websocket-extensions': [ '0.1.4' ],
75 silly audit   which: [ '2.0.2' ],
75 silly audit   'which-boxed-primitive': [ '1.1.1' ],
75 silly audit   'which-builtin-type': [ '1.2.1' ],
75 silly audit   'which-collection': [ '1.0.2' ],
75 silly audit   'which-typed-array': [ '1.1.19' ],
75 silly audit   'word-wrap': [ '1.2.5' ],
75 silly audit   y18n: [ '5.0.8' ],
75 silly audit   yaml: [ '2.8.1' ],
75 silly audit   yargs: [ '17.7.2' ],
75 silly audit   'yargs-parser': [ '21.1.1' ],
75 silly audit   'yocto-queue': [ '0.1.0' ],
75 silly audit   zod: [ '4.1.11' ],
75 silly audit   zustand: [ '5.0.8' ],
75 silly audit   'socket.io-client': [ '4.8.1' ],
75 silly audit   '@socket.io/component-emitter': [ '3.1.2' ],
75 silly audit   'engine.io-client': [ '6.6.3' ],
75 silly audit   'socket.io-parser': [ '4.2.4' ],
75 silly audit   'engine.io-parser': [ '5.2.3' ],
75 silly audit   ws: [ '8.17.1' ],
75 silly audit   'xmlhttprequest-ssl': [ '2.1.2' ]
75 silly audit }
76 http cache engine.io-parser@https://registry.npmjs.org/engine.io-parser/-/engine.io-parser-5.2.3.tgz 0ms (cache hit)
77 http cache engine.io-client@https://registry.npmjs.org/engine.io-client/-/engine.io-client-6.6.3.tgz 0ms (cache hit)
78 http cache socket.io-parser@https://registry.npmjs.org/socket.io-parser/-/socket.io-parser-4.2.4.tgz 0ms (cache hit)
79 http cache xmlhttprequest-ssl@https://registry.npmjs.org/xmlhttprequest-ssl/-/xmlhttprequest-ssl-2.1.2.tgz 0ms (cache hit)
80 http cache socket.io-client@https://registry.npmjs.org/socket.io-client/-/socket.io-client-4.8.1.tgz 0ms (cache hit)
81 http cache debug@https://registry.npmjs.org/debug/-/debug-4.3.7.tgz 0ms (cache hit)
82 http cache debug@https://registry.npmjs.org/debug/-/debug-4.3.7.tgz 0ms (cache hit)
83 http cache @socket.io/component-emitter@https://registry.npmjs.org/@socket.io/component-emitter/-/component-emitter-3.1.2.tgz 0ms (cache hit)
84 http cache ws@https://registry.npmjs.org/ws/-/ws-8.17.1.tgz 0ms (cache hit)
85 http cache debug@https://registry.npmjs.org/debug/-/debug-4.3.7.tgz 0ms (cache hit)
86 silly tarball no local data for engine.io-parser@https://registry.npmjs.org/engine.io-parser/-/engine.io-parser-5.2.3.tgz. Extracting by manifest.
87 silly tarball no local data for engine.io-client@https://registry.npmjs.org/engine.io-client/-/engine.io-client-6.6.3.tgz. Extracting by manifest.
88 silly tarball no local data for socket.io-parser@https://registry.npmjs.org/socket.io-parser/-/socket.io-parser-4.2.4.tgz. Extracting by manifest.
89 silly tarball no local data for xmlhttprequest-ssl@https://registry.npmjs.org/xmlhttprequest-ssl/-/xmlhttprequest-ssl-2.1.2.tgz. Extracting by manifest.
90 silly tarball no local data for socket.io-client@https://registry.npmjs.org/socket.io-client/-/socket.io-client-4.8.1.tgz. Extracting by manifest.
91 silly tarball no local data for debug@https://registry.npmjs.org/debug/-/debug-4.3.7.tgz. Extracting by manifest.
92 silly tarball no local data for debug@https://registry.npmjs.org/debug/-/debug-4.3.7.tgz. Extracting by manifest.
93 silly tarball no local data for @socket.io/component-emitter@https://registry.npmjs.org/@socket.io/component-emitter/-/component-emitter-3.1.2.tgz. Extracting by manifest.
94 silly tarball no local data for ws@https://registry.npmjs.org/ws/-/ws-8.17.1.tgz. Extracting by manifest.
95 silly tarball no local data for debug@https://registry.npmjs.org/debug/-/debug-4.3.7.tgz. Extracting by manifest.
96 http fetch GET 200 https://registry.npmjs.org/socket.io-parser/-/socket.io-parser-4.2.4.tgz 77ms (cache miss)
97 http fetch GET 200 https://registry.npmjs.org/engine.io-parser/-/engine.io-parser-5.2.3.tgz 133ms (cache miss)
98 http fetch GET 200 https://registry.npmjs.org/@socket.io/component-emitter/-/component-emitter-3.1.2.tgz 139ms (cache miss)
99 http fetch GET 200 https://registry.npmjs.org/xmlhttprequest-ssl/-/xmlhttprequest-ssl-2.1.2.tgz 141ms (cache miss)
100 http fetch GET 200 https://registry.npmjs.org/debug/-/debug-4.3.7.tgz 141ms (cache miss)
101 http fetch GET 200 https://registry.npmjs.org/debug/-/debug-4.3.7.tgz 142ms (cache miss)
102 http fetch GET 200 https://registry.npmjs.org/debug/-/debug-4.3.7.tgz 142ms (cache miss)
103 http fetch GET 200 https://registry.npmjs.org/ws/-/ws-8.17.1.tgz 162ms (cache miss)
104 http fetch GET 200 https://registry.npmjs.org/engine.io-client/-/engine.io-client-6.6.3.tgz 185ms (cache miss)
105 http fetch GET 200 https://registry.npmjs.org/socket.io-client/-/socket.io-client-4.8.1.tgz 232ms (cache miss)
106 http fetch POST 200 https://registry.npmjs.org/-/npm/v1/security/advisories/bulk 539ms
107 silly audit report {
107 silly audit report   undici: [
107 silly audit report     {
107 silly audit report       id: 1101609,
107 silly audit report       url: 'https://github.com/advisories/GHSA-c76h-2ccp-4975',
107 silly audit report       title: 'Use of Insufficiently Random Values in undici',
107 silly audit report       severity: 'moderate',
107 silly audit report       vulnerable_versions: '>=6.0.0 <6.21.1',
107 silly audit report       cwe: [Array],
107 silly audit report       cvss: [Object]
107 silly audit report     },
107 silly audit report     {
107 silly audit report       id: 1104500,
107 silly audit report       url: 'https://github.com/advisories/GHSA-cxrh-j4jr-qwg3',
107 silly audit report       title: 'undici Denial of Service attack via bad certificate data',
107 silly audit report       severity: 'low',
107 silly audit report       vulnerable_versions: '>=6.0.0 <6.21.2',
107 silly audit report       cwe: [Array],
107 silly audit report       cvss: [Object]
107 silly audit report     }
107 silly audit report   ]
107 silly audit report }
108 silly packumentCache corgi:https://registry.npmjs.org/undici cache-miss
109 http fetch GET 200 https://registry.npmjs.org/undici 181ms (cache miss)
110 silly packumentCache corgi:https://registry.npmjs.org/undici set size:undefined disposed:false
111 silly packumentCache corgi:https://registry.npmjs.org/@firebase%2fauth cache-miss
112 silly packumentCache corgi:https://registry.npmjs.org/@firebase%2fauth-compat cache-miss
113 silly packumentCache corgi:https://registry.npmjs.org/@firebase%2ffirestore cache-miss
114 silly packumentCache corgi:https://registry.npmjs.org/@firebase%2ffunctions cache-miss
115 silly packumentCache corgi:https://registry.npmjs.org/@firebase%2fstorage cache-miss
116 http fetch GET 200 https://registry.npmjs.org/@firebase%2fauth-compat 442ms (cache miss)
117 silly packumentCache corgi:https://registry.npmjs.org/@firebase%2fauth-compat set size:undefined disposed:false
118 http fetch GET 200 https://registry.npmjs.org/@firebase%2fauth 798ms (cache miss)
119 silly packumentCache corgi:https://registry.npmjs.org/@firebase%2fauth set size:undefined disposed:false
120 http fetch GET 200 https://registry.npmjs.org/@firebase%2fstorage 1128ms (cache miss)
121 silly packumentCache corgi:https://registry.npmjs.org/@firebase%2fstorage set size:undefined disposed:false
122 http fetch GET 200 https://registry.npmjs.org/@firebase%2ffunctions 1460ms (cache miss)
123 silly packumentCache corgi:https://registry.npmjs.org/@firebase%2ffunctions set size:undefined disposed:false
124 http fetch GET 200 https://registry.npmjs.org/@firebase%2ffirestore 2694ms (cache miss)
125 silly packumentCache corgi:https://registry.npmjs.org/@firebase%2ffirestore set size:undefined disposed:false
126 silly packumentCache corgi:https://registry.npmjs.org/firebase cache-miss
127 http fetch GET 200 https://registry.npmjs.org/firebase 253ms (cache miss)
128 silly packumentCache corgi:https://registry.npmjs.org/firebase set size:undefined disposed:false
129 silly packumentCache corgi:https://registry.npmjs.org/@firebase%2fstorage-compat cache-miss
130 http fetch GET 200 https://registry.npmjs.org/@firebase%2fstorage-compat 14503ms (cache miss)
131 silly packumentCache corgi:https://registry.npmjs.org/@firebase%2fstorage-compat set size:undefined disposed:false
132 silly packumentCache corgi:https://registry.npmjs.org/@firebase%2ffunctions-compat cache-miss
133 http fetch GET 200 https://registry.npmjs.org/@firebase%2ffunctions-compat 14675ms (cache miss)
134 silly packumentCache corgi:https://registry.npmjs.org/@firebase%2ffunctions-compat set size:undefined disposed:false
135 silly packumentCache corgi:https://registry.npmjs.org/@firebase%2ffirestore-compat cache-miss
136 http fetch GET 200 https://registry.npmjs.org/@firebase%2ffirestore-compat 19292ms (cache miss)
137 silly packumentCache corgi:https://registry.npmjs.org/@firebase%2ffirestore-compat set size:undefined disposed:false
138 silly ADD node_modules/xmlhttprequest-ssl
139 silly ADD node_modules/ws
140 silly ADD node_modules/engine.io-parser
141 silly ADD node_modules/socket.io-parser
142 silly ADD node_modules/socket.io-parser/node_modules/debug
143 silly ADD node_modules/engine.io-client
144 silly ADD node_modules/engine.io-client/node_modules/debug
145 silly ADD node_modules/@socket.io/component-emitter
146 silly ADD node_modules/socket.io-client
147 silly ADD node_modules/socket.io-client/node_modules/debug
148 verbose cwd /Users/snehapatil/Desktop/claim/frontend
149 verbose os Darwin 24.6.0
150 verbose node v24.8.0
151 verbose npm  v11.6.0
152 notice
152 notice New patch version of npm available! 11.6.0 -> 11.6.2
152 notice Changelog: https://github.com/npm/cli/releases/tag/v11.6.2
152 notice To update run: npm install -g npm@11.6.2
152 notice  { force: true, Symbol(proc-log.meta): true }
153 verbose exit 0
154 info ok
